# JRE version: Java(TM) SE Runtime Environment (8.0_131-b11) (build 1.8.0_131-b11)
# Java VM: Java HotSpot(TM) 64-Bit Server VM (25.131-b11 mixed mode windows-amd64 compressed oops)
Heap:
 PSYoungGen      total 390144K, used 269312K [0x00000000e0000000, 0x0000000100000000, 0x0000000100000000)
  eden space 269312K, 100% used [0x00000000e0000000,0x00000000f0700000,0x00000000f0700000)
  from space 120832K, 0% used [0x00000000f8a00000,0x00000000f8a00000,0x0000000100000000)
  to   space 127488K, 0% used [0x00000000f0700000,0x00000000f0700000,0x00000000f8380000)
 ParOldGen       total 1048576K, used 1048535K [0x00000000a0000000, 0x00000000e0000000, 0x00000000e0000000)
  object space 1048576K, 99% used [0x00000000a0000000,0x00000000dfff5e80,0x00000000e0000000)
 Metaspace       used 133253K, capacity 140956K, committed 144768K, reserved 1175552K
  class space    used 16470K, capacity 17808K, committed 18816K, reserved 1048576K
GC Heap History (10 events):
Event: 11166.408 GC heap after
Heap after GC invocations=510 (full 382):
 PSYoungGen      total 390144K, used 269311K [0x00000000e0000000, 0x0000000100000000, 0x0000000100000000)
  eden space 269312K, 99% used [0x00000000e0000000,0x00000000f06fff08,0x00000000f0700000)
  from space 120832K, 0% used [0x00000000f8a00000,0x00000000f8a00000,0x0000000100000000)
  to   space 127488K, 0% used [0x00000000f0700000,0x00000000f0700000,0x00000000f8380000)
 ParOldGen       total 1048576K, used 1048532K [0x00000000a0000000, 0x00000000e0000000, 0x00000000e0000000)
  object space 1048576K, 99% used [0x00000000a0000000,0x00000000dfff5238,0x00000000e0000000)
 Metaspace       used 133253K, capacity 140956K, committed 144768K, reserved 1175552K
  class space    used 16470K, capacity 17808K, committed 18816K, reserved 1048576K
}
Event: 11166.408 GC heap before
{Heap before GC invocations=511 (full 383):
 PSYoungGen      total 390144K, used 269312K [0x00000000e0000000, 0x0000000100000000, 0x0000000100000000)
  eden space 269312K, 100% used [0x00000000e0000000,0x00000000f0700000,0x00000000f0700000)
  from space 120832K, 0% used [0x00000000f8a00000,0x00000000f8a00000,0x0000000100000000)
  to   space 127488K, 0% used [0x00000000f0700000,0x00000000f0700000,0x00000000f8380000)
 ParOldGen       total 1048576K, used 1048532K [0x00000000a0000000, 0x00000000e0000000, 0x00000000e0000000)
  object space 1048576K, 99% used [0x00000000a0000000,0x00000000dfff5238,0x00000000e0000000)
 Metaspace       used 133253K, capacity 140956K, committed 144768K, reserved 1175552K
  class space    used 16470K, capacity 17808K, committed 18816K, reserved 1048576K
Event: 11167.890 GC heap after
Heap after GC invocations=511 (full 383):
 PSYoungGen      total 390144K, used 269311K [0x00000000e0000000, 0x0000000100000000, 0x0000000100000000)
  eden space 269312K, 99% used [0x00000000e0000000,0x00000000f06fff50,0x00000000f0700000)
  from space 120832K, 0% used [0x00000000f8a00000,0x00000000f8a00000,0x0000000100000000)
  to   space 127488K, 0% used [0x00000000f0700000,0x00000000f0700000,0x00000000f8380000)
 ParOldGen       total 1048576K, used 1048532K [0x00000000a0000000, 0x00000000e0000000, 0x00000000e0000000)
  object space 1048576K, 99% used [0x00000000a0000000,0x00000000dfff5238,0x00000000e0000000)
 Metaspace       used 133253K, capacity 140956K, committed 144768K, reserved 1175552K
  class space    used 16470K, capacity 17808K, committed 18816K, reserved 1048576K
}
Event: 11167.890 GC heap before
{Heap before GC invocations=512 (full 384):
 PSYoungGen      total 390144K, used 269312K [0x00000000e0000000, 0x0000000100000000, 0x0000000100000000)
  eden space 269312K, 100% used [0x00000000e0000000,0x00000000f0700000,0x00000000f0700000)
  from space 120832K, 0% used [0x00000000f8a00000,0x00000000f8a00000,0x0000000100000000)
  to   space 127488K, 0% used [0x00000000f0700000,0x00000000f0700000,0x00000000f8380000)
 ParOldGen       total 1048576K, used 1048532K [0x00000000a0000000, 0x00000000e0000000, 0x00000000e0000000)
  object space 1048576K, 99% used [0x00000000a0000000,0x00000000dfff5238,0x00000000e0000000)
 Metaspace       used 133253K, capacity 140956K, committed 144768K, reserved 1175552K
  class space    used 16470K, capacity 17808K, committed 18816K, reserved 1048576K
Event: 11169.241 GC heap after
Heap after GC invocations=512 (full 384):
 PSYoungGen      total 390144K, used 269311K [0x00000000e0000000, 0x0000000100000000, 0x0000000100000000)
  eden space 269312K, 99% used [0x00000000e0000000,0x00000000f06fffd0,0x00000000f0700000)
  from space 120832K, 0% used [0x00000000f8a00000,0x00000000f8a00000,0x0000000100000000)
  to   space 127488K, 0% used [0x00000000f0700000,0x00000000f0700000,0x00000000f8380000)
 ParOldGen       total 1048576K, used 1048532K [0x00000000a0000000, 0x00000000e0000000, 0x00000000e0000000)
  object space 1048576K, 99% used [0x00000000a0000000,0x00000000dfff5238,0x00000000e0000000)
 Metaspace       used 133253K, capacity 140956K, committed 144768K, reserved 1175552K
  class space    used 16470K, capacity 17808K, committed 18816K, reserved 1048576K
}
Event: 11169.241 GC heap before
{Heap before GC invocations=513 (full 385):
 PSYoungGen      total 390144K, used 269312K [0x00000000e0000000, 0x0000000100000000, 0x0000000100000000)
  eden space 269312K, 100% used [0x00000000e0000000,0x00000000f0700000,0x00000000f0700000)
  from space 120832K, 0% used [0x00000000f8a00000,0x00000000f8a00000,0x0000000100000000)
  to   space 127488K, 0% used [0x00000000f0700000,0x00000000f0700000,0x00000000f8380000)
 ParOldGen       total 1048576K, used 1048532K [0x00000000a0000000, 0x00000000e0000000, 0x00000000e0000000)
  object space 1048576K, 99% used [0x00000000a0000000,0x00000000dfff5238,0x00000000e0000000)
 Metaspace       used 133253K, capacity 140956K, committed 144768K, reserved 1175552K
  class space    used 16470K, capacity 17808K, committed 18816K, reserved 1048576K
Event: 11170.581 GC heap after
Heap after GC invocations=513 (full 385):
 PSYoungGen      total 390144K, used 269311K [0x00000000e0000000, 0x0000000100000000, 0x0000000100000000)
  eden space 269312K, 99% used [0x00000000e0000000,0x00000000f06fff80,0x00000000f0700000)
  from space 120832K, 0% used [0x00000000f8a00000,0x00000000f8a00000,0x0000000100000000)
  to   space 127488K, 0% used [0x00000000f0700000,0x00000000f0700000,0x00000000f8380000)
 ParOldGen       total 1048576K, used 1048532K [0x00000000a0000000, 0x00000000e0000000, 0x00000000e0000000)
  object space 1048576K, 99% used [0x00000000a0000000,0x00000000dfff5218,0x00000000e0000000)
 Metaspace       used 133253K, capacity 140956K, committed 144768K, reserved 1175552K
  class space    used 16470K, capacity 17808K, committed 18816K, reserved 1048576K
}
Event: 11170.581 GC heap before
{Heap before GC invocations=514 (full 386):
 PSYoungGen      total 390144K, used 269311K [0x00000000e0000000, 0x0000000100000000, 0x0000000100000000)
  eden space 269312K, 99% used [0x00000000e0000000,0x00000000f06fffd8,0x00000000f0700000)
  from space 120832K, 0% used [0x00000000f8a00000,0x00000000f8a00000,0x0000000100000000)
  to   space 127488K, 0% used [0x00000000f0700000,0x00000000f0700000,0x00000000f8380000)
 ParOldGen       total 1048576K, used 1048532K [0x00000000a0000000, 0x00000000e0000000, 0x00000000e0000000)
  object space 1048576K, 99% used [0x00000000a0000000,0x00000000dfff5218,0x00000000e0000000)
 Metaspace       used 133253K, capacity 140956K, committed 144768K, reserved 1175552K
  class space    used 16470K, capacity 17808K, committed 18816K, reserved 1048576K
Event: 11171.885 GC heap after
Heap after GC invocations=514 (full 386):
 PSYoungGen      total 390144K, used 269311K [0x00000000e0000000, 0x0000000100000000, 0x0000000100000000)
  eden space 269312K, 99% used [0x00000000e0000000,0x00000000f06fffd8,0x00000000f0700000)
  from space 120832K, 0% used [0x00000000f8a00000,0x00000000f8a00000,0x0000000100000000)
  to   space 127488K, 0% used [0x00000000f0700000,0x00000000f0700000,0x00000000f8380000)
 ParOldGen       total 1048576K, used 1048532K [0x00000000a0000000, 0x00000000e0000000, 0x00000000e0000000)
  object space 1048576K, 99% used [0x00000000a0000000,0x00000000dfff5218,0x00000000e0000000)
 Metaspace       used 133253K, capacity 140956K, committed 144768K, reserved 1175552K
  class space    used 16470K, capacity 17808K, committed 18816K, reserved 1048576K
}
Event: 11171.885 GC heap before
{Heap before GC invocations=515 (full 387):
 PSYoungGen      total 390144K, used 269312K [0x00000000e0000000, 0x0000000100000000, 0x0000000100000000)
  eden space 269312K, 100% used [0x00000000e0000000,0x00000000f0700000,0x00000000f0700000)
  from space 120832K, 0% used [0x00000000f8a00000,0x00000000f8a00000,0x0000000100000000)
  to   space 127488K, 0% used [0x00000000f0700000,0x00000000f0700000,0x00000000f8380000)
 ParOldGen       total 1048576K, used 1048535K [0x00000000a0000000, 0x00000000e0000000, 0x00000000e0000000)
  object space 1048576K, 99% used [0x00000000a0000000,0x00000000dfff5e80,0x00000000e0000000)
 Metaspace       used 133253K, capacity 140956K, committed 144768K, reserved 1175552K
  class space    used 16470K, capacity 17808K, committed 18816K, reserved 1048576K

